[debug] [2021-04-09T09:26:58.506Z] ----------------------------------------------------------------------
[debug] [2021-04-09T09:26:58.508Z] Command:       C:\Program Files\nodejs\node.exe C:\Users\asus\AppData\Roaming\npm\node_modules\firebase-tools\lib\bin\firebase.js emulators:start --only functions
[debug] [2021-04-09T09:26:58.509Z] CLI Version:   9.8.0
[debug] [2021-04-09T09:26:58.509Z] Platform:      win32
[debug] [2021-04-09T09:26:58.509Z] Node Version:  v12.22.1
[debug] [2021-04-09T09:26:58.510Z] Time:          Fri Apr 09 2021 10:26:58 GMT+0100 (GMT+01:00)
[debug] [2021-04-09T09:26:58.510Z] ----------------------------------------------------------------------
[debug] 
[debug] [2021-04-09T09:26:58.567Z] >>> [apiv2][query] GET https://firebase-public.firebaseio.com/cli.json [none]
[debug] [2021-04-09T09:26:58.658Z] > command requires scopes: ["email","openid","https://www.googleapis.com/auth/cloudplatformprojects.readonly","https://www.googleapis.com/auth/firebase","https://www.googleapis.com/auth/cloud-platform"]
[debug] [2021-04-09T09:26:58.659Z] > authorizing via signed-in user
[info] i  emulators: Starting emulators: functions {"metadata":{"emulator":{"name":"hub"},"message":"Starting emulators: functions"}}
[debug] [2021-04-09T09:26:58.679Z] [hub] writing locator at C:\Users\asus\AppData\Local\Temp\hub-jamah-e6e58.json
[warn] !  functions: The following emulators are not running, calls to these services from the Functions emulator will affect production: auth, firestore, database, hosting, pubsub {"metadata":{"emulator":{"name":"functions"},"message":"The following emulators are not running, calls to these services from the Functions emulator will affect production: \u001b[1mauth, firestore, database, hosting, pubsub\u001b[22m"}}
[warn] !  Your requested "node" version "10" doesn't match your global version "12" {"metadata":{"emulator":{"name":"functions"},"message":"Your requested \"node\" version \"10\" doesn't match your global version \"12\""}}
[debug] [2021-04-09T09:26:58.719Z] defaultcredentials: writing to file C:\Users\asus\AppData\Roaming\firebase\wafa_bergaoui_dna-ga.com_application_default_credentials.json
[debug] [2021-04-09T09:26:58.721Z] Setting GAC to C:\Users\asus\AppData\Roaming\firebase\wafa_bergaoui_dna-ga.com_application_default_credentials.json {"metadata":{"emulator":{"name":"functions"},"message":"Setting GAC to C:\\Users\\asus\\AppData\\Roaming\\firebase\\wafa_bergaoui_dna-ga.com_application_default_credentials.json"}}
[debug] [2021-04-09T09:26:58.722Z] > refreshing access token with scopes: []
[debug] [2021-04-09T09:26:58.723Z] >>> HTTP REQUEST POST https://www.googleapis.com/oauth2/v3/token  
 <request body omitted>
[debug] [2021-04-09T09:26:59.397Z] <<< HTTP RESPONSE 200 {"date":"Fri, 09 Apr 2021 09:26:29 GMT","cache-control":"no-cache, no-store, max-age=0, must-revalidate","pragma":"no-cache","expires":"Mon, 01 Jan 1990 00:00:00 GMT","content-type":"application/json; charset=utf-8","vary":"X-Origin, Referer, Origin,Accept-Encoding","server":"scaffolding on HTTPServer2","x-xss-protection":"0","x-frame-options":"SAMEORIGIN","x-content-type-options":"nosniff","alt-svc":"h3-29=\":443\"; ma=2592000,h3-T051=\":443\"; ma=2592000,h3-Q050=\":443\"; ma=2592000,h3-Q046=\":443\"; ma=2592000,h3-Q043=\":443\"; ma=2592000,quic=\":443\"; ma=2592000; v=\"46,43\"","accept-ranges":"none","transfer-encoding":"chunked"}
[debug] [2021-04-09T09:27:00.110Z] >>> [apiv2][query] GET https://firebase.googleapis.com/v1beta1/projects/jamah-e6e58/adminSdkConfig [none]
[debug] [2021-04-09T09:27:00.322Z] <<< [apiv2][status] GET https://firebase-public.firebaseio.com/cli.json 200
[debug] [2021-04-09T09:27:00.322Z] <<< [apiv2][body] GET https://firebase-public.firebaseio.com/cli.json {"cloudBuildErrorAfter":1594252800000,"cloudBuildWarnAfter":1590019200000,"defaultNode10After":1594252800000,"minVersion":"3.0.5","node8DeploysDisabledAfter":1613390400000,"node8RuntimeDisabledAfter":1615809600000,"node8WarnAfter":1600128000000}
[debug] [2021-04-09T09:27:01.124Z] <<< [apiv2][status] GET https://firebase.googleapis.com/v1beta1/projects/jamah-e6e58/adminSdkConfig 200
[debug] [2021-04-09T09:27:01.125Z] <<< [apiv2][body] GET https://firebase.googleapis.com/v1beta1/projects/jamah-e6e58/adminSdkConfig {"projectId":"jamah-e6e58","databaseURL":"https://jamah-e6e58-default-rtdb.firebaseio.com","storageBucket":"jamah-e6e58.appspot.com","locationId":"europe-west"}
[debug] [2021-04-09T09:27:01.474Z] Ignoring unsupported arg: auto_download {"metadata":{"emulator":{"name":"ui"},"message":"Ignoring unsupported arg: auto_download"}}
[debug] [2021-04-09T09:27:01.475Z] Ignoring unsupported arg: port {"metadata":{"emulator":{"name":"ui"},"message":"Ignoring unsupported arg: port"}}
[debug] [2021-04-09T09:27:01.475Z] Starting Emulator UI with command {"binary":"node","args":["C:\\Users\\asus\\.cache\\firebase\\emulators\\ui-v1.4.2\\server.bundle.js"],"optionalArgs":[],"joinArgs":false} {"metadata":{"emulator":{"name":"ui"},"message":"Starting Emulator UI with command {\"binary\":\"node\",\"args\":[\"C:\\\\Users\\\\asus\\\\.cache\\\\firebase\\\\emulators\\\\ui-v1.4.2\\\\server.bundle.js\"],\"optionalArgs\":[],\"joinArgs\":false}"}}
[info] i  ui: Emulator UI logging to ui-debug.log {"metadata":{"emulator":{"name":"ui"},"message":"Emulator UI logging to \u001b[1mui-debug.log\u001b[22m"}}
[debug] [2021-04-09T09:27:01.697Z] Web / API server started at http://localhost:4000
 {"metadata":{"emulator":{"name":"ui"},"message":"Web / API server started at http://localhost:4000\n"}}
[info] i  functions: Watching "C:\Users\asus\jamahCORPUS\functions" for Cloud Functions... {"metadata":{"emulator":{"name":"functions"},"message":"Watching \"C:\\Users\\asus\\jamahCORPUS\\functions\" for Cloud Functions..."}}
[debug] [2021-04-09T09:27:01.806Z] [worker-pool] addWorker(~diagnostic~) {"metadata":{"emulator":{"name":"functions"},"message":"[worker-pool] addWorker(~diagnostic~)"}}
[debug] [2021-04-09T09:27:01.806Z] [worker-pool] Adding worker with key ~diagnostic~, total=1 {"metadata":{"emulator":{"name":"functions"},"message":"[worker-pool] Adding worker with key ~diagnostic~, total=1"}}
[debug] [2021-04-09T09:27:01.806Z] [worker-pool] submitWork(triggerId=) {"metadata":{"emulator":{"name":"functions"},"message":"[worker-pool] submitWork(triggerId=)"}}
[debug] [2021-04-09T09:27:01.807Z] [worker-~diagnostic~-0eceee43-7a5e-409f-8740-8c0a508e6195]: Assigning socketPath: \\?\pipe\C:\Users\asus\jamahCORPUS\functions\14588 {"metadata":{"emulator":{"name":"functions"},"message":"[worker-~diagnostic~-0eceee43-7a5e-409f-8740-8c0a508e6195]: Assigning socketPath: \\\\?\\pipe\\C:\\Users\\asus\\jamahCORPUS\\functions\\14588"}}
[debug] [2021-04-09T09:27:01.807Z] [worker-~diagnostic~-0eceee43-7a5e-409f-8740-8c0a508e6195]: BUSY {"metadata":{"emulator":{"name":"functions"},"message":"[worker-~diagnostic~-0eceee43-7a5e-409f-8740-8c0a508e6195]: BUSY"}}
[debug] [2021-04-09T09:27:02.062Z] [runtime-status] [14588] Functions runtime initialized. {"cwd":"C:\\Users\\asus\\jamahCORPUS\\functions","node_version":"12.22.1"} {"metadata":{"emulator":{"name":"functions"},"message":"[runtime-status] [14588] Functions runtime initialized. {\"cwd\":\"C:\\\\Users\\\\asus\\\\jamahCORPUS\\\\functions\",\"node_version\":\"12.22.1\"}"}}
[debug] [2021-04-09T09:27:02.062Z] [runtime-status] [14588] Disabled runtime features: undefined {"metadata":{"emulator":{"name":"functions"},"message":"[runtime-status] [14588] Disabled runtime features: undefined"}}
[debug] [2021-04-09T09:27:02.067Z] [runtime-status] [14588] Resolved module firebase-admin {"declared":true,"installed":true,"version":"9.6.0","resolution":"C:\\Users\\asus\\jamahCORPUS\\functions\\node_modules\\firebase-admin\\lib\\index.js"} {"metadata":{"emulator":{"name":"functions"},"message":"[runtime-status] [14588] Resolved module firebase-admin {\"declared\":true,\"installed\":true,\"version\":\"9.6.0\",\"resolution\":\"C:\\\\Users\\\\asus\\\\jamahCORPUS\\\\functions\\\\node_modules\\\\firebase-admin\\\\lib\\\\index.js\"}"}}
[debug] [2021-04-09T09:27:02.068Z] [runtime-status] [14588] Resolved module firebase-functions {"declared":true,"installed":true,"version":"3.13.2","resolution":"C:\\Users\\asus\\jamahCORPUS\\functions\\node_modules\\firebase-functions\\lib\\index.js"} {"metadata":{"emulator":{"name":"functions"},"message":"[runtime-status] [14588] Resolved module firebase-functions {\"declared\":true,\"installed\":true,\"version\":\"3.13.2\",\"resolution\":\"C:\\\\Users\\\\asus\\\\jamahCORPUS\\\\functions\\\\node_modules\\\\firebase-functions\\\\lib\\\\index.js\"}"}}
[debug] [2021-04-09T09:27:02.069Z] [runtime-status] [14588] Resolved module firebase-functions {"declared":true,"installed":true,"version":"3.13.2","resolution":"C:\\Users\\asus\\jamahCORPUS\\functions\\node_modules\\firebase-functions\\lib\\index.js"} {"metadata":{"emulator":{"name":"functions"},"message":"[runtime-status] [14588] Resolved module firebase-functions {\"declared\":true,\"installed\":true,\"version\":\"3.13.2\",\"resolution\":\"C:\\\\Users\\\\asus\\\\jamahCORPUS\\\\functions\\\\node_modules\\\\firebase-functions\\\\lib\\\\index.js\"}"}}
[debug] [2021-04-09T09:27:02.071Z] [runtime-status] [14588] Outgoing network have been stubbed. [{"name":"http","status":"mocked"},{"name":"http","status":"mocked"},{"name":"https","status":"mocked"},{"name":"https","status":"mocked"},{"name":"net","status":"mocked"}] {"metadata":{"emulator":{"name":"functions"},"message":"[runtime-status] [14588] Outgoing network have been stubbed. [{\"name\":\"http\",\"status\":\"mocked\"},{\"name\":\"http\",\"status\":\"mocked\"},{\"name\":\"https\",\"status\":\"mocked\"},{\"name\":\"https\",\"status\":\"mocked\"},{\"name\":\"net\",\"status\":\"mocked\"}]"}}
[debug] [2021-04-09T09:27:02.071Z] [runtime-status] [14588] Resolved module firebase-functions {"declared":true,"installed":true,"version":"3.13.2","resolution":"C:\\Users\\asus\\jamahCORPUS\\functions\\node_modules\\firebase-functions\\lib\\index.js"} {"metadata":{"emulator":{"name":"functions"},"message":"[runtime-status] [14588] Resolved module firebase-functions {\"declared\":true,\"installed\":true,\"version\":\"3.13.2\",\"resolution\":\"C:\\\\Users\\\\asus\\\\jamahCORPUS\\\\functions\\\\node_modules\\\\firebase-functions\\\\lib\\\\index.js\"}"}}
[debug] [2021-04-09T09:27:03.080Z] [runtime-status] [14588] Checked functions.config() {"config":{}} {"metadata":{"emulator":{"name":"functions"},"message":"[runtime-status] [14588] Checked functions.config() {\"config\":{}}"}}
[debug] [2021-04-09T09:27:03.080Z] [runtime-status] [14588] firebase-functions has been stubbed. {"functionsResolution":{"declared":true,"installed":true,"version":"3.13.2","resolution":"C:\\Users\\asus\\jamahCORPUS\\functions\\node_modules\\firebase-functions\\lib\\index.js"}} {"metadata":{"emulator":{"name":"functions"},"message":"[runtime-status] [14588] firebase-functions has been stubbed. {\"functionsResolution\":{\"declared\":true,\"installed\":true,\"version\":\"3.13.2\",\"resolution\":\"C:\\\\Users\\\\asus\\\\jamahCORPUS\\\\functions\\\\node_modules\\\\firebase-functions\\\\lib\\\\index.js\"}}"}}
[debug] [2021-04-09T09:27:03.080Z] [runtime-status] [14588] Resolved module firebase-functions {"declared":true,"installed":true,"version":"3.13.2","resolution":"C:\\Users\\asus\\jamahCORPUS\\functions\\node_modules\\firebase-functions\\lib\\index.js"} {"metadata":{"emulator":{"name":"functions"},"message":"[runtime-status] [14588] Resolved module firebase-functions {\"declared\":true,\"installed\":true,\"version\":\"3.13.2\",\"resolution\":\"C:\\\\Users\\\\asus\\\\jamahCORPUS\\\\functions\\\\node_modules\\\\firebase-functions\\\\lib\\\\index.js\"}"}}
[debug] [2021-04-09T09:27:03.082Z] [runtime-status] [14588] Resolved module firebase-admin {"declared":true,"installed":true,"version":"9.6.0","resolution":"C:\\Users\\asus\\jamahCORPUS\\functions\\node_modules\\firebase-admin\\lib\\index.js"} {"metadata":{"emulator":{"name":"functions"},"message":"[runtime-status] [14588] Resolved module firebase-admin {\"declared\":true,\"installed\":true,\"version\":\"9.6.0\",\"resolution\":\"C:\\\\Users\\\\asus\\\\jamahCORPUS\\\\functions\\\\node_modules\\\\firebase-admin\\\\lib\\\\index.js\"}"}}
[debug] [2021-04-09T09:27:03.082Z] [runtime-status] [14588] Resolved module firebase-functions {"declared":true,"installed":true,"version":"3.13.2","resolution":"C:\\Users\\asus\\jamahCORPUS\\functions\\node_modules\\firebase-functions\\lib\\index.js"} {"metadata":{"emulator":{"name":"functions"},"message":"[runtime-status] [14588] Resolved module firebase-functions {\"declared\":true,\"installed\":true,\"version\":\"3.13.2\",\"resolution\":\"C:\\\\Users\\\\asus\\\\jamahCORPUS\\\\functions\\\\node_modules\\\\firebase-functions\\\\lib\\\\index.js\"}"}}
[debug] [2021-04-09T09:27:03.083Z] [runtime-status] [14588] firebase-admin has been stubbed. {"adminResolution":{"declared":true,"installed":true,"version":"9.6.0","resolution":"C:\\Users\\asus\\jamahCORPUS\\functions\\node_modules\\firebase-admin\\lib\\index.js"}} {"metadata":{"emulator":{"name":"functions"},"message":"[runtime-status] [14588] firebase-admin has been stubbed. {\"adminResolution\":{\"declared\":true,\"installed\":true,\"version\":\"9.6.0\",\"resolution\":\"C:\\\\Users\\\\asus\\\\jamahCORPUS\\\\functions\\\\node_modules\\\\firebase-admin\\\\lib\\\\index.js\"}}"}}
[debug] [2021-04-09T09:27:03.085Z] [runtime-status] [14588] initializeApp(DEFAULT) {"storageBucket":"jamah-e6e58.appspot.com","databaseURL":"https://jamah-e6e58-default-rtdb.firebaseio.com","projectId":"jamah-e6e58"} {"metadata":{"emulator":{"name":"functions"},"message":"[runtime-status] [14588] initializeApp(DEFAULT) {\"storageBucket\":\"jamah-e6e58.appspot.com\",\"databaseURL\":\"https://jamah-e6e58-default-rtdb.firebaseio.com\",\"projectId\":\"jamah-e6e58\"}"}}
[info] +  functions[getSommeTTC]: http function initialized (http://localhost:5001/jamah-e6e58/us-central1/getSommeTTC). {"metadata":{"emulator":{"name":"functions"},"message":"\u001b[1mhttp\u001b[22m function initialized (http://localhost:5001/jamah-e6e58/us-central1/getSommeTTC)."}}
[info] +  functions[getSommeTVA]: http function initialized (http://localhost:5001/jamah-e6e58/us-central1/getSommeTVA). {"metadata":{"emulator":{"name":"functions"},"message":"\u001b[1mhttp\u001b[22m function initialized (http://localhost:5001/jamah-e6e58/us-central1/getSommeTVA)."}}
[info] 
┌─────────────────────────────────────────────────────────────┐
│ ✔  All emulators ready! It is now safe to connect your app. │
│ i  View Emulator UI at http://localhost:4000                │
└─────────────────────────────────────────────────────────────┘

┌───────────┬────────────────┬─────────────────────────────────┐
│ Emulator  │ Host:Port      │ View in Emulator UI             │
├───────────┼────────────────┼─────────────────────────────────┤
│ Functions │ localhost:5001 │ http://localhost:4000/functions │
└───────────┴────────────────┴─────────────────────────────────┘
  Emulator Hub running at localhost:4400
  Other reserved ports: 4500

Issues? Report them at https://github.com/firebase/firebase-tools/issues and attach the *-debug.log files.
 
[debug] [2021-04-09T09:27:03.139Z] [worker-~diagnostic~-0eceee43-7a5e-409f-8740-8c0a508e6195]: IDLE {"metadata":{"emulator":{"name":"functions"},"message":"[worker-~diagnostic~-0eceee43-7a5e-409f-8740-8c0a508e6195]: IDLE"}}
[debug] [2021-04-09T09:27:45.812Z] [work-queue] {"queueLength":1,"workRunningCount":0}
[debug] [2021-04-09T09:27:45.812Z] [work-queue] {"queueLength":0,"workRunningCount":1}
[debug] [2021-04-09T09:27:45.813Z] Accepted request GET /jamah-e6e58/us-central1/getSommeTVA --> getSommeTVA
[debug] [2021-04-09T09:27:45.822Z] [worker-pool] addWorker(getSommeTVA) {"metadata":{"emulator":{"name":"functions"},"message":"[worker-pool] addWorker(getSommeTVA)"}}
[debug] [2021-04-09T09:27:45.822Z] [worker-pool] Adding worker with key getSommeTVA, total=1 {"metadata":{"emulator":{"name":"functions"},"message":"[worker-pool] Adding worker with key getSommeTVA, total=1"}}
[debug] [2021-04-09T09:27:45.822Z] [worker-pool] submitWork(triggerId=getSommeTVA) {"metadata":{"emulator":{"name":"functions"},"message":"[worker-pool] submitWork(triggerId=getSommeTVA)"}}
[debug] [2021-04-09T09:27:45.822Z] [worker-getSommeTVA-f574f758-5b10-40f7-9226-125eb2938192]: Assigning socketPath: \\?\pipe\C:\Users\asus\jamahCORPUS\functions\15048 {"metadata":{"emulator":{"name":"functions"},"message":"[worker-getSommeTVA-f574f758-5b10-40f7-9226-125eb2938192]: Assigning socketPath: \\\\?\\pipe\\C:\\Users\\asus\\jamahCORPUS\\functions\\15048"}}
[debug] [2021-04-09T09:27:45.823Z] [worker-getSommeTVA-f574f758-5b10-40f7-9226-125eb2938192]: BUSY {"metadata":{"emulator":{"name":"functions"},"message":"[worker-getSommeTVA-f574f758-5b10-40f7-9226-125eb2938192]: BUSY"}}
[debug] [2021-04-09T09:27:46.042Z] [runtime-status] [15048] Functions runtime initialized. {"cwd":"C:\\Users\\asus\\jamahCORPUS\\functions","node_version":"12.22.1"} {"metadata":{"emulator":{"name":"functions"},"function":{"name":"getSommeTVA"},"message":"[runtime-status] [15048] Functions runtime initialized. {\"cwd\":\"C:\\\\Users\\\\asus\\\\jamahCORPUS\\\\functions\",\"node_version\":\"12.22.1\"}"}}
[debug] [2021-04-09T09:27:46.044Z] [runtime-status] [15048] Disabled runtime features: undefined {"metadata":{"emulator":{"name":"functions"},"function":{"name":"getSommeTVA"},"message":"[runtime-status] [15048] Disabled runtime features: undefined"}}
[debug] [2021-04-09T09:27:46.048Z] [runtime-status] [15048] Resolved module firebase-admin {"declared":true,"installed":true,"version":"9.6.0","resolution":"C:\\Users\\asus\\jamahCORPUS\\functions\\node_modules\\firebase-admin\\lib\\index.js"} {"metadata":{"emulator":{"name":"functions"},"function":{"name":"getSommeTVA"},"message":"[runtime-status] [15048] Resolved module firebase-admin {\"declared\":true,\"installed\":true,\"version\":\"9.6.0\",\"resolution\":\"C:\\\\Users\\\\asus\\\\jamahCORPUS\\\\functions\\\\node_modules\\\\firebase-admin\\\\lib\\\\index.js\"}"}}
[debug] [2021-04-09T09:27:46.050Z] [runtime-status] [15048] Resolved module firebase-functions {"declared":true,"installed":true,"version":"3.13.2","resolution":"C:\\Users\\asus\\jamahCORPUS\\functions\\node_modules\\firebase-functions\\lib\\index.js"} {"metadata":{"emulator":{"name":"functions"},"function":{"name":"getSommeTVA"},"message":"[runtime-status] [15048] Resolved module firebase-functions {\"declared\":true,\"installed\":true,\"version\":\"3.13.2\",\"resolution\":\"C:\\\\Users\\\\asus\\\\jamahCORPUS\\\\functions\\\\node_modules\\\\firebase-functions\\\\lib\\\\index.js\"}"}}
[debug] [2021-04-09T09:27:46.051Z] [runtime-status] [15048] Resolved module firebase-functions {"declared":true,"installed":true,"version":"3.13.2","resolution":"C:\\Users\\asus\\jamahCORPUS\\functions\\node_modules\\firebase-functions\\lib\\index.js"} {"metadata":{"emulator":{"name":"functions"},"function":{"name":"getSommeTVA"},"message":"[runtime-status] [15048] Resolved module firebase-functions {\"declared\":true,\"installed\":true,\"version\":\"3.13.2\",\"resolution\":\"C:\\\\Users\\\\asus\\\\jamahCORPUS\\\\functions\\\\node_modules\\\\firebase-functions\\\\lib\\\\index.js\"}"}}
[debug] [2021-04-09T09:27:46.052Z] [runtime-status] [15048] Outgoing network have been stubbed. [{"name":"http","status":"mocked"},{"name":"http","status":"mocked"},{"name":"https","status":"mocked"},{"name":"https","status":"mocked"},{"name":"net","status":"mocked"}] {"metadata":{"emulator":{"name":"functions"},"function":{"name":"getSommeTVA"},"message":"[runtime-status] [15048] Outgoing network have been stubbed. [{\"name\":\"http\",\"status\":\"mocked\"},{\"name\":\"http\",\"status\":\"mocked\"},{\"name\":\"https\",\"status\":\"mocked\"},{\"name\":\"https\",\"status\":\"mocked\"},{\"name\":\"net\",\"status\":\"mocked\"}]"}}
[debug] [2021-04-09T09:27:46.053Z] [runtime-status] [15048] Resolved module firebase-functions {"declared":true,"installed":true,"version":"3.13.2","resolution":"C:\\Users\\asus\\jamahCORPUS\\functions\\node_modules\\firebase-functions\\lib\\index.js"} {"metadata":{"emulator":{"name":"functions"},"function":{"name":"getSommeTVA"},"message":"[runtime-status] [15048] Resolved module firebase-functions {\"declared\":true,\"installed\":true,\"version\":\"3.13.2\",\"resolution\":\"C:\\\\Users\\\\asus\\\\jamahCORPUS\\\\functions\\\\node_modules\\\\firebase-functions\\\\lib\\\\index.js\"}"}}
[debug] [2021-04-09T09:27:46.103Z] [runtime-status] [15048] Checked functions.config() {"config":{}} {"metadata":{"emulator":{"name":"functions"},"function":{"name":"getSommeTVA"},"message":"[runtime-status] [15048] Checked functions.config() {\"config\":{}}"}}
[debug] [2021-04-09T09:27:46.104Z] [runtime-status] [15048] firebase-functions has been stubbed. {"functionsResolution":{"declared":true,"installed":true,"version":"3.13.2","resolution":"C:\\Users\\asus\\jamahCORPUS\\functions\\node_modules\\firebase-functions\\lib\\index.js"}} {"metadata":{"emulator":{"name":"functions"},"function":{"name":"getSommeTVA"},"message":"[runtime-status] [15048] firebase-functions has been stubbed. {\"functionsResolution\":{\"declared\":true,\"installed\":true,\"version\":\"3.13.2\",\"resolution\":\"C:\\\\Users\\\\asus\\\\jamahCORPUS\\\\functions\\\\node_modules\\\\firebase-functions\\\\lib\\\\index.js\"}}"}}
[debug] [2021-04-09T09:27:46.104Z] [runtime-status] [15048] Resolved module firebase-functions {"declared":true,"installed":true,"version":"3.13.2","resolution":"C:\\Users\\asus\\jamahCORPUS\\functions\\node_modules\\firebase-functions\\lib\\index.js"} {"metadata":{"emulator":{"name":"functions"},"function":{"name":"getSommeTVA"},"message":"[runtime-status] [15048] Resolved module firebase-functions {\"declared\":true,\"installed\":true,\"version\":\"3.13.2\",\"resolution\":\"C:\\\\Users\\\\asus\\\\jamahCORPUS\\\\functions\\\\node_modules\\\\firebase-functions\\\\lib\\\\index.js\"}"}}
[debug] [2021-04-09T09:27:46.105Z] [runtime-status] [15048] Resolved module firebase-admin {"declared":true,"installed":true,"version":"9.6.0","resolution":"C:\\Users\\asus\\jamahCORPUS\\functions\\node_modules\\firebase-admin\\lib\\index.js"} {"metadata":{"emulator":{"name":"functions"},"function":{"name":"getSommeTVA"},"message":"[runtime-status] [15048] Resolved module firebase-admin {\"declared\":true,\"installed\":true,\"version\":\"9.6.0\",\"resolution\":\"C:\\\\Users\\\\asus\\\\jamahCORPUS\\\\functions\\\\node_modules\\\\firebase-admin\\\\lib\\\\index.js\"}"}}
[debug] [2021-04-09T09:27:46.106Z] [runtime-status] [15048] Resolved module firebase-functions {"declared":true,"installed":true,"version":"3.13.2","resolution":"C:\\Users\\asus\\jamahCORPUS\\functions\\node_modules\\firebase-functions\\lib\\index.js"} {"metadata":{"emulator":{"name":"functions"},"function":{"name":"getSommeTVA"},"message":"[runtime-status] [15048] Resolved module firebase-functions {\"declared\":true,\"installed\":true,\"version\":\"3.13.2\",\"resolution\":\"C:\\\\Users\\\\asus\\\\jamahCORPUS\\\\functions\\\\node_modules\\\\firebase-functions\\\\lib\\\\index.js\"}"}}
[debug] [2021-04-09T09:27:46.106Z] [runtime-status] [15048] firebase-admin has been stubbed. {"adminResolution":{"declared":true,"installed":true,"version":"9.6.0","resolution":"C:\\Users\\asus\\jamahCORPUS\\functions\\node_modules\\firebase-admin\\lib\\index.js"}} {"metadata":{"emulator":{"name":"functions"},"function":{"name":"getSommeTVA"},"message":"[runtime-status] [15048] firebase-admin has been stubbed. {\"adminResolution\":{\"declared\":true,\"installed\":true,\"version\":\"9.6.0\",\"resolution\":\"C:\\\\Users\\\\asus\\\\jamahCORPUS\\\\functions\\\\node_modules\\\\firebase-admin\\\\lib\\\\index.js\"}}"}}
[debug] [2021-04-09T09:27:46.108Z] [runtime-status] [15048] initializeApp(DEFAULT) {"storageBucket":"jamah-e6e58.appspot.com","databaseURL":"https://jamah-e6e58-default-rtdb.firebaseio.com","projectId":"jamah-e6e58"} {"metadata":{"emulator":{"name":"functions"},"function":{"name":"getSommeTVA"},"message":"[runtime-status] [15048] initializeApp(DEFAULT) {\"storageBucket\":\"jamah-e6e58.appspot.com\",\"databaseURL\":\"https://jamah-e6e58-default-rtdb.firebaseio.com\",\"projectId\":\"jamah-e6e58\"}"}}
[debug] [2021-04-09T09:27:46.109Z] [runtime-status] [15048] Trigger "getSommeTVA" has been found, beginning invocation! {"metadata":{"emulator":{"name":"functions"},"function":{"name":"getSommeTVA"},"message":"[runtime-status] [15048] Trigger \"getSommeTVA\" has been found, beginning invocation!"}}
[info] i  functions: Beginning execution of "getSommeTVA" {"metadata":{"emulator":{"name":"functions"},"function":{"name":"getSommeTVA"},"message":"Beginning execution of \"getSommeTVA\""}}
[debug] [2021-04-09T09:27:46.111Z] [runtime-status] [15048] triggerDefinition {"httpsTrigger":{},"name":"getSommeTVA","entryPoint":"getSommeTVA"} {"metadata":{"emulator":{"name":"functions"},"function":{"name":"getSommeTVA"},"message":"[runtime-status] [15048] triggerDefinition {\"httpsTrigger\":{},\"name\":\"getSommeTVA\",\"entryPoint\":\"getSommeTVA\"}"}}
[debug] [2021-04-09T09:27:46.111Z] [runtime-status] [15048] Running getSommeTVA in mode HTTPS {"metadata":{"emulator":{"name":"functions"},"function":{"name":"getSommeTVA"},"message":"[runtime-status] [15048] Running getSommeTVA in mode HTTPS"}}
[debug] [2021-04-09T09:27:46.114Z] [runtime-status] [15048] Attempting to listen to socketPath: \\?\pipe\C:\Users\asus\jamahCORPUS\functions\15048 {"metadata":{"emulator":{"name":"functions"},"function":{"name":"getSommeTVA"},"message":"[runtime-status] [15048] Attempting to listen to socketPath: \\\\?\\pipe\\C:\\Users\\asus\\jamahCORPUS\\functions\\15048"}}
[debug] [2021-04-09T09:27:46.116Z] [functions] Runtime ready! Sending request! {"metadata":{"emulator":{"name":"functions"},"message":"[functions] Runtime ready! Sending request!"}}
[debug] [2021-04-09T09:27:46.117Z] [functions] Got req.url=/jamah-e6e58/us-central1/getSommeTVA, mapping to path=/ {"metadata":{"emulator":{"name":"functions"},"message":"[functions] Got req.url=/jamah-e6e58/us-central1/getSommeTVA, mapping to path=/"}}
[debug] [2021-04-09T09:27:46.124Z] [runtime-status] [15048] Ephemeral server handling GET request {"metadata":{"emulator":{"name":"functions"},"function":{"name":"getSommeTVA"},"message":"[runtime-status] [15048] Ephemeral server handling GET request"}}
[warn] !  functions: The Cloud Firestore emulator is not running, so calls to Firestore will affect production. {"metadata":{"emulator":{"name":"functions"},"function":{"name":"getSommeTVA"},"message":"The Cloud Firestore emulator is not running, so calls to Firestore will affect production."}}
[debug] [2021-04-09T09:27:46.538Z] [work-queue] {"queueLength":1,"workRunningCount":1}
[debug] [2021-04-09T09:27:46.538Z] [work-queue] {"queueLength":0,"workRunningCount":2}
[debug] [2021-04-09T09:27:46.539Z] Accepted request GET /jamah-e6e58/us-central1/getSommeTVA --> getSommeTVA
[debug] [2021-04-09T09:27:46.545Z] [worker-pool] addWorker(getSommeTVA) {"metadata":{"emulator":{"name":"functions"},"message":"[worker-pool] addWorker(getSommeTVA)"}}
[debug] [2021-04-09T09:27:46.545Z] [worker-pool] Adding worker with key getSommeTVA, total=2 {"metadata":{"emulator":{"name":"functions"},"message":"[worker-pool] Adding worker with key getSommeTVA, total=2"}}
[debug] [2021-04-09T09:27:46.545Z] [worker-pool] submitWork(triggerId=getSommeTVA) {"metadata":{"emulator":{"name":"functions"},"message":"[worker-pool] submitWork(triggerId=getSommeTVA)"}}
[debug] [2021-04-09T09:27:46.545Z] [worker-getSommeTVA-93ac3e45-4769-43d9-b661-a9bc939cd583]: Assigning socketPath: \\?\pipe\C:\Users\asus\jamahCORPUS\functions\6092 {"metadata":{"emulator":{"name":"functions"},"message":"[worker-getSommeTVA-93ac3e45-4769-43d9-b661-a9bc939cd583]: Assigning socketPath: \\\\?\\pipe\\C:\\Users\\asus\\jamahCORPUS\\functions\\6092"}}
[debug] [2021-04-09T09:27:46.545Z] [worker-getSommeTVA-93ac3e45-4769-43d9-b661-a9bc939cd583]: BUSY {"metadata":{"emulator":{"name":"functions"},"message":"[worker-getSommeTVA-93ac3e45-4769-43d9-b661-a9bc939cd583]: BUSY"}}
[debug] [2021-04-09T09:27:46.762Z] [runtime-status] [6092] Functions runtime initialized. {"cwd":"C:\\Users\\asus\\jamahCORPUS\\functions","node_version":"12.22.1"} {"metadata":{"emulator":{"name":"functions"},"function":{"name":"getSommeTVA"},"message":"[runtime-status] [6092] Functions runtime initialized. {\"cwd\":\"C:\\\\Users\\\\asus\\\\jamahCORPUS\\\\functions\",\"node_version\":\"12.22.1\"}"}}
[debug] [2021-04-09T09:27:46.764Z] [runtime-status] [6092] Disabled runtime features: undefined {"metadata":{"emulator":{"name":"functions"},"function":{"name":"getSommeTVA"},"message":"[runtime-status] [6092] Disabled runtime features: undefined"}}
[debug] [2021-04-09T09:27:46.767Z] [runtime-status] [6092] Resolved module firebase-admin {"declared":true,"installed":true,"version":"9.6.0","resolution":"C:\\Users\\asus\\jamahCORPUS\\functions\\node_modules\\firebase-admin\\lib\\index.js"} {"metadata":{"emulator":{"name":"functions"},"function":{"name":"getSommeTVA"},"message":"[runtime-status] [6092] Resolved module firebase-admin {\"declared\":true,\"installed\":true,\"version\":\"9.6.0\",\"resolution\":\"C:\\\\Users\\\\asus\\\\jamahCORPUS\\\\functions\\\\node_modules\\\\firebase-admin\\\\lib\\\\index.js\"}"}}
[debug] [2021-04-09T09:27:46.769Z] [runtime-status] [6092] Resolved module firebase-functions {"declared":true,"installed":true,"version":"3.13.2","resolution":"C:\\Users\\asus\\jamahCORPUS\\functions\\node_modules\\firebase-functions\\lib\\index.js"} {"metadata":{"emulator":{"name":"functions"},"function":{"name":"getSommeTVA"},"message":"[runtime-status] [6092] Resolved module firebase-functions {\"declared\":true,\"installed\":true,\"version\":\"3.13.2\",\"resolution\":\"C:\\\\Users\\\\asus\\\\jamahCORPUS\\\\functions\\\\node_modules\\\\firebase-functions\\\\lib\\\\index.js\"}"}}
[debug] [2021-04-09T09:27:46.770Z] [runtime-status] [6092] Resolved module firebase-functions {"declared":true,"installed":true,"version":"3.13.2","resolution":"C:\\Users\\asus\\jamahCORPUS\\functions\\node_modules\\firebase-functions\\lib\\index.js"} {"metadata":{"emulator":{"name":"functions"},"function":{"name":"getSommeTVA"},"message":"[runtime-status] [6092] Resolved module firebase-functions {\"declared\":true,\"installed\":true,\"version\":\"3.13.2\",\"resolution\":\"C:\\\\Users\\\\asus\\\\jamahCORPUS\\\\functions\\\\node_modules\\\\firebase-functions\\\\lib\\\\index.js\"}"}}
[debug] [2021-04-09T09:27:46.772Z] [runtime-status] [6092] Outgoing network have been stubbed. [{"name":"http","status":"mocked"},{"name":"http","status":"mocked"},{"name":"https","status":"mocked"},{"name":"https","status":"mocked"},{"name":"net","status":"mocked"}] {"metadata":{"emulator":{"name":"functions"},"function":{"name":"getSommeTVA"},"message":"[runtime-status] [6092] Outgoing network have been stubbed. [{\"name\":\"http\",\"status\":\"mocked\"},{\"name\":\"http\",\"status\":\"mocked\"},{\"name\":\"https\",\"status\":\"mocked\"},{\"name\":\"https\",\"status\":\"mocked\"},{\"name\":\"net\",\"status\":\"mocked\"}]"}}
[debug] [2021-04-09T09:27:46.773Z] [runtime-status] [6092] Resolved module firebase-functions {"declared":true,"installed":true,"version":"3.13.2","resolution":"C:\\Users\\asus\\jamahCORPUS\\functions\\node_modules\\firebase-functions\\lib\\index.js"} {"metadata":{"emulator":{"name":"functions"},"function":{"name":"getSommeTVA"},"message":"[runtime-status] [6092] Resolved module firebase-functions {\"declared\":true,\"installed\":true,\"version\":\"3.13.2\",\"resolution\":\"C:\\\\Users\\\\asus\\\\jamahCORPUS\\\\functions\\\\node_modules\\\\firebase-functions\\\\lib\\\\index.js\"}"}}
[debug] [2021-04-09T09:27:46.834Z] [runtime-status] [6092] Checked functions.config() {"config":{}} {"metadata":{"emulator":{"name":"functions"},"function":{"name":"getSommeTVA"},"message":"[runtime-status] [6092] Checked functions.config() {\"config\":{}}"}}
[debug] [2021-04-09T09:27:46.834Z] [runtime-status] [6092] firebase-functions has been stubbed. {"functionsResolution":{"declared":true,"installed":true,"version":"3.13.2","resolution":"C:\\Users\\asus\\jamahCORPUS\\functions\\node_modules\\firebase-functions\\lib\\index.js"}} {"metadata":{"emulator":{"name":"functions"},"function":{"name":"getSommeTVA"},"message":"[runtime-status] [6092] firebase-functions has been stubbed. {\"functionsResolution\":{\"declared\":true,\"installed\":true,\"version\":\"3.13.2\",\"resolution\":\"C:\\\\Users\\\\asus\\\\jamahCORPUS\\\\functions\\\\node_modules\\\\firebase-functions\\\\lib\\\\index.js\"}}"}}
[debug] [2021-04-09T09:27:46.835Z] [runtime-status] [6092] Resolved module firebase-functions {"declared":true,"installed":true,"version":"3.13.2","resolution":"C:\\Users\\asus\\jamahCORPUS\\functions\\node_modules\\firebase-functions\\lib\\index.js"} {"metadata":{"emulator":{"name":"functions"},"function":{"name":"getSommeTVA"},"message":"[runtime-status] [6092] Resolved module firebase-functions {\"declared\":true,\"installed\":true,\"version\":\"3.13.2\",\"resolution\":\"C:\\\\Users\\\\asus\\\\jamahCORPUS\\\\functions\\\\node_modules\\\\firebase-functions\\\\lib\\\\index.js\"}"}}
[debug] [2021-04-09T09:27:46.837Z] [runtime-status] [6092] Resolved module firebase-admin {"declared":true,"installed":true,"version":"9.6.0","resolution":"C:\\Users\\asus\\jamahCORPUS\\functions\\node_modules\\firebase-admin\\lib\\index.js"} {"metadata":{"emulator":{"name":"functions"},"function":{"name":"getSommeTVA"},"message":"[runtime-status] [6092] Resolved module firebase-admin {\"declared\":true,\"installed\":true,\"version\":\"9.6.0\",\"resolution\":\"C:\\\\Users\\\\asus\\\\jamahCORPUS\\\\functions\\\\node_modules\\\\firebase-admin\\\\lib\\\\index.js\"}"}}
[debug] [2021-04-09T09:27:46.838Z] [runtime-status] [6092] Resolved module firebase-functions {"declared":true,"installed":true,"version":"3.13.2","resolution":"C:\\Users\\asus\\jamahCORPUS\\functions\\node_modules\\firebase-functions\\lib\\index.js"} {"metadata":{"emulator":{"name":"functions"},"function":{"name":"getSommeTVA"},"message":"[runtime-status] [6092] Resolved module firebase-functions {\"declared\":true,\"installed\":true,\"version\":\"3.13.2\",\"resolution\":\"C:\\\\Users\\\\asus\\\\jamahCORPUS\\\\functions\\\\node_modules\\\\firebase-functions\\\\lib\\\\index.js\"}"}}
[debug] [2021-04-09T09:27:46.838Z] [runtime-status] [6092] firebase-admin has been stubbed. {"adminResolution":{"declared":true,"installed":true,"version":"9.6.0","resolution":"C:\\Users\\asus\\jamahCORPUS\\functions\\node_modules\\firebase-admin\\lib\\index.js"}} {"metadata":{"emulator":{"name":"functions"},"function":{"name":"getSommeTVA"},"message":"[runtime-status] [6092] firebase-admin has been stubbed. {\"adminResolution\":{\"declared\":true,\"installed\":true,\"version\":\"9.6.0\",\"resolution\":\"C:\\\\Users\\\\asus\\\\jamahCORPUS\\\\functions\\\\node_modules\\\\firebase-admin\\\\lib\\\\index.js\"}}"}}
[debug] [2021-04-09T09:27:46.841Z] [runtime-status] [6092] initializeApp(DEFAULT) {"storageBucket":"jamah-e6e58.appspot.com","databaseURL":"https://jamah-e6e58-default-rtdb.firebaseio.com","projectId":"jamah-e6e58"} {"metadata":{"emulator":{"name":"functions"},"function":{"name":"getSommeTVA"},"message":"[runtime-status] [6092] initializeApp(DEFAULT) {\"storageBucket\":\"jamah-e6e58.appspot.com\",\"databaseURL\":\"https://jamah-e6e58-default-rtdb.firebaseio.com\",\"projectId\":\"jamah-e6e58\"}"}}
[debug] [2021-04-09T09:27:46.842Z] [runtime-status] [6092] Trigger "getSommeTVA" has been found, beginning invocation! {"metadata":{"emulator":{"name":"functions"},"function":{"name":"getSommeTVA"},"message":"[runtime-status] [6092] Trigger \"getSommeTVA\" has been found, beginning invocation!"}}
[info] i  functions: Beginning execution of "getSommeTVA" {"metadata":{"emulator":{"name":"functions"},"function":{"name":"getSommeTVA"},"message":"Beginning execution of \"getSommeTVA\""}}
[debug] [2021-04-09T09:27:46.844Z] [runtime-status] [6092] triggerDefinition {"httpsTrigger":{},"name":"getSommeTVA","entryPoint":"getSommeTVA"} {"metadata":{"emulator":{"name":"functions"},"function":{"name":"getSommeTVA"},"message":"[runtime-status] [6092] triggerDefinition {\"httpsTrigger\":{},\"name\":\"getSommeTVA\",\"entryPoint\":\"getSommeTVA\"}"}}
[debug] [2021-04-09T09:27:46.844Z] [runtime-status] [6092] Running getSommeTVA in mode HTTPS {"metadata":{"emulator":{"name":"functions"},"function":{"name":"getSommeTVA"},"message":"[runtime-status] [6092] Running getSommeTVA in mode HTTPS"}}
[debug] [2021-04-09T09:27:46.848Z] [runtime-status] [6092] Attempting to listen to socketPath: \\?\pipe\C:\Users\asus\jamahCORPUS\functions\6092 {"metadata":{"emulator":{"name":"functions"},"function":{"name":"getSommeTVA"},"message":"[runtime-status] [6092] Attempting to listen to socketPath: \\\\?\\pipe\\C:\\Users\\asus\\jamahCORPUS\\functions\\6092"}}
[debug] [2021-04-09T09:27:46.852Z] [functions] Runtime ready! Sending request! {"metadata":{"emulator":{"name":"functions"},"message":"[functions] Runtime ready! Sending request!"}}
[debug] [2021-04-09T09:27:46.852Z] [functions] Got req.url=/jamah-e6e58/us-central1/getSommeTVA, mapping to path=/ {"metadata":{"emulator":{"name":"functions"},"message":"[functions] Got req.url=/jamah-e6e58/us-central1/getSommeTVA, mapping to path=/"}}
[debug] [2021-04-09T09:27:46.858Z] [runtime-status] [6092] Ephemeral server handling GET request {"metadata":{"emulator":{"name":"functions"},"function":{"name":"getSommeTVA"},"message":"[runtime-status] [6092] Ephemeral server handling GET request"}}
[debug] [2021-04-09T09:27:52.554Z] [runtime-status] [15048] Ephemeral server survived. {"metadata":{"emulator":{"name":"functions"},"function":{"name":"getSommeTVA"},"message":"[runtime-status] [15048] Ephemeral server survived."}}
[debug] [2021-04-09T09:27:52.555Z] [runtime-status] [6092] Ephemeral server survived. {"metadata":{"emulator":{"name":"functions"},"function":{"name":"getSommeTVA"},"message":"[runtime-status] [6092] Ephemeral server survived."}}
[warn] !  Google API requested!
   - URL: "https://oauth2.googleapis.com/token"
   - Be careful, this may be a production service. {"metadata":{"emulator":{"name":"functions"},"function":{"name":"getSommeTVA"},"message":"Google API requested!\n   - URL: \"https://oauth2.googleapis.com/token\"\n   - Be careful, this may be a production service."}}
[warn] !  Google API requested!
   - URL: "https://oauth2.googleapis.com/token"
   - Be careful, this may be a production service. {"metadata":{"emulator":{"name":"functions"},"function":{"name":"getSommeTVA"},"message":"Google API requested!\n   - URL: \"https://oauth2.googleapis.com/token\"\n   - Be careful, this may be a production service."}}
[info] >  0.32 {"user":0.32,"metadata":{"emulator":{"name":"functions"},"function":{"name":"getSommeTVA"},"message":"\u001b[90m> \u001b[39m 0.32"}}
[info] >  -1 {"user":-1,"metadata":{"emulator":{"name":"functions"},"function":{"name":"getSommeTVA"},"message":"\u001b[90m> \u001b[39m -1"}}
[info] >  TVA not Found {"user":"TVA not Found","metadata":{"emulator":{"name":"functions"},"function":{"name":"getSommeTVA"},"message":"\u001b[90m> \u001b[39m TVA not Found"}}
[info] >  TVA not Found {"user":"TVA not Found","metadata":{"emulator":{"name":"functions"},"function":{"name":"getSommeTVA"},"message":"\u001b[90m> \u001b[39m TVA not Found"}}
[info] >  0.49 {"user":0.49,"metadata":{"emulator":{"name":"functions"},"function":{"name":"getSommeTVA"},"message":"\u001b[90m> \u001b[39m 0.49"}}
[info] >  0.21 {"user":0.21,"metadata":{"emulator":{"name":"functions"},"function":{"name":"getSommeTVA"},"message":"\u001b[90m> \u001b[39m 0.21"}}
[info] >  2.66 {"user":2.66,"metadata":{"emulator":{"name":"functions"},"function":{"name":"getSommeTVA"},"message":"\u001b[90m> \u001b[39m 2.66"}}
[info] >  2.66 {"user":2.66,"metadata":{"emulator":{"name":"functions"},"function":{"name":"getSommeTVA"},"message":"\u001b[90m> \u001b[39m 2.66"}}
[info] >  TVA not Found {"user":"TVA not Found","metadata":{"emulator":{"name":"functions"},"function":{"name":"getSommeTVA"},"message":"\u001b[90m> \u001b[39m TVA not Found"}}
[info] >  TVA not Found {"user":"TVA not Found","metadata":{"emulator":{"name":"functions"},"function":{"name":"getSommeTVA"},"message":"\u001b[90m> \u001b[39m TVA not Found"}}
[info] >  TVA not Found {"user":"TVA not Found","metadata":{"emulator":{"name":"functions"},"function":{"name":"getSommeTVA"},"message":"\u001b[90m> \u001b[39m TVA not Found"}}
[info] >  0.32 {"user":0.32,"metadata":{"emulator":{"name":"functions"},"function":{"name":"getSommeTVA"},"message":"\u001b[90m> \u001b[39m 0.32"}}
[info] >  0.21 {"user":0.21,"metadata":{"emulator":{"name":"functions"},"function":{"name":"getSommeTVA"},"message":"\u001b[90m> \u001b[39m 0.21"}}
[info] >  5.45 {"user":5.45,"metadata":{"emulator":{"name":"functions"},"function":{"name":"getSommeTVA"},"message":"\u001b[90m> \u001b[39m 5.45"}}
[info] >  la Somme total des tva est égal à: 11.32 {"user":"la Somme total des tva est égal à: 11.32","metadata":{"emulator":{"name":"functions"},"function":{"name":"getSommeTVA"},"message":"\u001b[90m> \u001b[39m la Somme total des tva est égal à: 11.32"}}
[info] >  0.32 {"user":0.32,"metadata":{"emulator":{"name":"functions"},"function":{"name":"getSommeTVA"},"message":"\u001b[90m> \u001b[39m 0.32"}}
[info] >  -1 {"user":-1,"metadata":{"emulator":{"name":"functions"},"function":{"name":"getSommeTVA"},"message":"\u001b[90m> \u001b[39m -1"}}
[info] >  TVA not Found {"user":"TVA not Found","metadata":{"emulator":{"name":"functions"},"function":{"name":"getSommeTVA"},"message":"\u001b[90m> \u001b[39m TVA not Found"}}
[info] >  TVA not Found {"user":"TVA not Found","metadata":{"emulator":{"name":"functions"},"function":{"name":"getSommeTVA"},"message":"\u001b[90m> \u001b[39m TVA not Found"}}
[info] >  0.49 {"user":0.49,"metadata":{"emulator":{"name":"functions"},"function":{"name":"getSommeTVA"},"message":"\u001b[90m> \u001b[39m 0.49"}}
[info] >  0.21 {"user":0.21,"metadata":{"emulator":{"name":"functions"},"function":{"name":"getSommeTVA"},"message":"\u001b[90m> \u001b[39m 0.21"}}
[info] >  2.66 {"user":2.66,"metadata":{"emulator":{"name":"functions"},"function":{"name":"getSommeTVA"},"message":"\u001b[90m> \u001b[39m 2.66"}}
[info] >  2.66 {"user":2.66,"metadata":{"emulator":{"name":"functions"},"function":{"name":"getSommeTVA"},"message":"\u001b[90m> \u001b[39m 2.66"}}
[info] >  TVA not Found {"user":"TVA not Found","metadata":{"emulator":{"name":"functions"},"function":{"name":"getSommeTVA"},"message":"\u001b[90m> \u001b[39m TVA not Found"}}
[info] >  TVA not Found {"user":"TVA not Found","metadata":{"emulator":{"name":"functions"},"function":{"name":"getSommeTVA"},"message":"\u001b[90m> \u001b[39m TVA not Found"}}
[info] >  TVA not Found {"user":"TVA not Found","metadata":{"emulator":{"name":"functions"},"function":{"name":"getSommeTVA"},"message":"\u001b[90m> \u001b[39m TVA not Found"}}
[info] >  0.32 {"user":0.32,"metadata":{"emulator":{"name":"functions"},"function":{"name":"getSommeTVA"},"message":"\u001b[90m> \u001b[39m 0.32"}}
[info] >  0.21 {"user":0.21,"metadata":{"emulator":{"name":"functions"},"function":{"name":"getSommeTVA"},"message":"\u001b[90m> \u001b[39m 0.21"}}
[info] >  5.45 {"user":5.45,"metadata":{"emulator":{"name":"functions"},"function":{"name":"getSommeTVA"},"message":"\u001b[90m> \u001b[39m 5.45"}}
[info] >  la Somme total des tva est égal à: 11.32 {"user":"la Somme total des tva est égal à: 11.32","metadata":{"emulator":{"name":"functions"},"function":{"name":"getSommeTVA"},"message":"\u001b[90m> \u001b[39m la Somme total des tva est égal à: 11.32"}}
[warn] !  functions: Your function timed out after ~60s. To configure this timeout, see
      https://firebase.google.com/docs/functions/manage-functions#set_timeout_and_memory_allocation. {"metadata":{"emulator":{"name":"functions"},"function":{"name":"getSommeTVA"},"message":"Your function timed out after ~60s. To configure this timeout, see\n      https://firebase.google.com/docs/functions/manage-functions#set_timeout_and_memory_allocation."}}
[info] >  C:\Users\asus\AppData\Roaming\npm\node_modules\firebase-tools\lib\emulator\functionsEmulatorRuntime.js:644 {"user":"C:\\Users\\asus\\AppData\\Roaming\\npm\\node_modules\\firebase-tools\\lib\\emulator\\functionsEmulatorRuntime.js:644\r","metadata":{"emulator":{"name":"functions"},"function":{"name":"getSommeTVA"},"message":"\u001b[90m> \u001b[39m C:\\Users\\asus\\AppData\\Roaming\\npm\\node_modules\\firebase-tools\\lib\\emulator\\functionsEmulatorRuntime.js:644\r"}}
[info] >              throw new Error("Function timed out."); {"user":"            throw new Error(\"Function timed out.\");\r","metadata":{"emulator":{"name":"functions"},"function":{"name":"getSommeTVA"},"message":"\u001b[90m> \u001b[39m             throw new Error(\"Function timed out.\");\r"}}
[info] >              ^ {"user":"            ^\r","metadata":{"emulator":{"name":"functions"},"function":{"name":"getSommeTVA"},"message":"\u001b[90m> \u001b[39m             ^\r"}}
[info] >   {"user":"\r","metadata":{"emulator":{"name":"functions"},"function":{"name":"getSommeTVA"},"message":"\u001b[90m> \u001b[39m \r"}}
[info] >  Error: Function timed out. {"user":"Error: Function timed out.\r","metadata":{"emulator":{"name":"functions"},"function":{"name":"getSommeTVA"},"message":"\u001b[90m> \u001b[39m Error: Function timed out.\r"}}
[info] >      at Timeout._onTimeout (C:\Users\asus\AppData\Roaming\npm\node_modules\firebase-tools\lib\emulator\functionsEmulatorRuntime.js:644:19) {"user":"    at Timeout._onTimeout (C:\\Users\\asus\\AppData\\Roaming\\npm\\node_modules\\firebase-tools\\lib\\emulator\\functionsEmulatorRuntime.js:644:19)\r","metadata":{"emulator":{"name":"functions"},"function":{"name":"getSommeTVA"},"message":"\u001b[90m> \u001b[39m     at Timeout._onTimeout (C:\\Users\\asus\\AppData\\Roaming\\npm\\node_modules\\firebase-tools\\lib\\emulator\\functionsEmulatorRuntime.js:644:19)\r"}}
[info] >      at listOnTimeout (internal/timers.js:554:17) {"user":"    at listOnTimeout (internal/timers.js:554:17)\r","metadata":{"emulator":{"name":"functions"},"function":{"name":"getSommeTVA"},"message":"\u001b[90m> \u001b[39m     at listOnTimeout (internal/timers.js:554:17)\r"}}
[info] >      at processTimers (internal/timers.js:497:7) {"user":"    at processTimers (internal/timers.js:497:7)\r","metadata":{"emulator":{"name":"functions"},"function":{"name":"getSommeTVA"},"message":"\u001b[90m> \u001b[39m     at processTimers (internal/timers.js:497:7)\r"}}
[debug] [2021-04-09T09:28:46.158Z] [worker-getSommeTVA-f574f758-5b10-40f7-9226-125eb2938192]: exited {"metadata":{"emulator":{"name":"functions"},"message":"[worker-getSommeTVA-f574f758-5b10-40f7-9226-125eb2938192]: exited"}}
[debug] [2021-04-09T09:28:46.158Z] [worker-getSommeTVA-f574f758-5b10-40f7-9226-125eb2938192]: FINISHED {"metadata":{"emulator":{"name":"functions"},"message":"[worker-getSommeTVA-f574f758-5b10-40f7-9226-125eb2938192]: FINISHED"}}
[debug] [2021-04-09T09:28:46.159Z] [work-queue] {"queueLength":0,"workRunningCount":1}
[debug] [2021-04-09T09:28:46.255Z] Functions emulator received unknown request at path /favicon.ico
[warn] !  functions: Your function timed out after ~60s. To configure this timeout, see
      https://firebase.google.com/docs/functions/manage-functions#set_timeout_and_memory_allocation. {"metadata":{"emulator":{"name":"functions"},"function":{"name":"getSommeTVA"},"message":"Your function timed out after ~60s. To configure this timeout, see\n      https://firebase.google.com/docs/functions/manage-functions#set_timeout_and_memory_allocation."}}
[info] >  C:\Users\asus\AppData\Roaming\npm\node_modules\firebase-tools\lib\emulator\functionsEmulatorRuntime.js:644 {"user":"C:\\Users\\asus\\AppData\\Roaming\\npm\\node_modules\\firebase-tools\\lib\\emulator\\functionsEmulatorRuntime.js:644\r","metadata":{"emulator":{"name":"functions"},"function":{"name":"getSommeTVA"},"message":"\u001b[90m> \u001b[39m C:\\Users\\asus\\AppData\\Roaming\\npm\\node_modules\\firebase-tools\\lib\\emulator\\functionsEmulatorRuntime.js:644\r"}}
[info] >              throw new Error("Function timed out."); {"user":"            throw new Error(\"Function timed out.\");\r","metadata":{"emulator":{"name":"functions"},"function":{"name":"getSommeTVA"},"message":"\u001b[90m> \u001b[39m             throw new Error(\"Function timed out.\");\r"}}
[info] >              ^ {"user":"            ^\r","metadata":{"emulator":{"name":"functions"},"function":{"name":"getSommeTVA"},"message":"\u001b[90m> \u001b[39m             ^\r"}}
[info] >   {"user":"\r","metadata":{"emulator":{"name":"functions"},"function":{"name":"getSommeTVA"},"message":"\u001b[90m> \u001b[39m \r"}}
[info] >  Error: Function timed out. {"user":"Error: Function timed out.\r","metadata":{"emulator":{"name":"functions"},"function":{"name":"getSommeTVA"},"message":"\u001b[90m> \u001b[39m Error: Function timed out.\r"}}
[info] >      at Timeout._onTimeout (C:\Users\asus\AppData\Roaming\npm\node_modules\firebase-tools\lib\emulator\functionsEmulatorRuntime.js:644:19) {"user":"    at Timeout._onTimeout (C:\\Users\\asus\\AppData\\Roaming\\npm\\node_modules\\firebase-tools\\lib\\emulator\\functionsEmulatorRuntime.js:644:19)\r","metadata":{"emulator":{"name":"functions"},"function":{"name":"getSommeTVA"},"message":"\u001b[90m> \u001b[39m     at Timeout._onTimeout (C:\\Users\\asus\\AppData\\Roaming\\npm\\node_modules\\firebase-tools\\lib\\emulator\\functionsEmulatorRuntime.js:644:19)\r"}}
[info] >      at listOnTimeout (internal/timers.js:554:17) {"user":"    at listOnTimeout (internal/timers.js:554:17)\r","metadata":{"emulator":{"name":"functions"},"function":{"name":"getSommeTVA"},"message":"\u001b[90m> \u001b[39m     at listOnTimeout (internal/timers.js:554:17)\r"}}
[info] >      at processTimers (internal/timers.js:497:7) {"user":"    at processTimers (internal/timers.js:497:7)\r","metadata":{"emulator":{"name":"functions"},"function":{"name":"getSommeTVA"},"message":"\u001b[90m> \u001b[39m     at processTimers (internal/timers.js:497:7)\r"}}
[debug] [2021-04-09T09:28:46.867Z] [worker-getSommeTVA-93ac3e45-4769-43d9-b661-a9bc939cd583]: exited {"metadata":{"emulator":{"name":"functions"},"message":"[worker-getSommeTVA-93ac3e45-4769-43d9-b661-a9bc939cd583]: exited"}}
[debug] [2021-04-09T09:28:46.867Z] [worker-getSommeTVA-93ac3e45-4769-43d9-b661-a9bc939cd583]: FINISHED {"metadata":{"emulator":{"name":"functions"},"message":"[worker-getSommeTVA-93ac3e45-4769-43d9-b661-a9bc939cd583]: FINISHED"}}
[debug] [2021-04-09T09:28:46.868Z] [work-queue] {"queueLength":0,"workRunningCount":0}
